<?xml version="1.0" encoding="UTF-8"?>
<!-- Generated by org.testng.reporters.JUnitReportReporter -->
<testsuite hostname="DESKTOP-I18JOPC" failures="0" tests="1" name="WebUIAutomation.AppTest" time="0.005" errors="0" timestamp="26 Sep 2021 12:42:40 GMT" skipped="0">
  <testcase classname="WebUIAutomation.AppTest" name="shouldAnswerWithTrue" time="0.005"/>
</testsuite> <!-- WebUIAutomation.AppTest -->
